Performing C++ SOURCE FILE Test CMAKE_HAVE_LIBC_PTHREAD failed with the following output:
Change Dir: /home/linaro/9.yolov8_stream/build1/CMakeFiles/CMakeTmp

Run Build Command(s):/usr/bin/gmake cmTC_cb11c/fast && /usr/bin/gmake  -f CMakeFiles/cmTC_cb11c.dir/build.make CMakeFiles/cmTC_cb11c.dir/build
gmake[1]: 进入目录“/home/linaro/9.yolov8_stream/build1/CMakeFiles/CMakeTmp”
Building CXX object CMakeFiles/cmTC_cb11c.dir/src.cxx.o
/usr/bin/c++   -DCMAKE_HAVE_LIBC_PTHREAD -std=gnu++14 -o CMakeFiles/cmTC_cb11c.dir/src.cxx.o -c /home/linaro/9.yolov8_stream/build1/CMakeFiles/CMakeTmp/src.cxx
Linking CXX executable cmTC_cb11c
/usr/bin/cmake -E cmake_link_script CMakeFiles/cmTC_cb11c.dir/link.txt --verbose=1
/usr/bin/c++  -DCMAKE_HAVE_LIBC_PTHREAD CMakeFiles/cmTC_cb11c.dir/src.cxx.o -o cmTC_cb11c 
/usr/bin/ld: CMakeFiles/cmTC_cb11c.dir/src.cxx.o: in function `main':
src.cxx:(.text+0x34): undefined reference to `pthread_create'
/usr/bin/ld: src.cxx:(.text+0x3c): undefined reference to `pthread_detach'
/usr/bin/ld: src.cxx:(.text+0x44): undefined reference to `pthread_cancel'
/usr/bin/ld: src.cxx:(.text+0x50): undefined reference to `pthread_join'
collect2: error: ld returned 1 exit status
gmake[1]: *** [CMakeFiles/cmTC_cb11c.dir/build.make:106：cmTC_cb11c] 错误 1
gmake[1]: 离开目录“/home/linaro/9.yolov8_stream/build1/CMakeFiles/CMakeTmp”
gmake: *** [Makefile:140：cmTC_cb11c/fast] 错误 2


Source file was:
#include <pthread.h>

void* test_func(void* data)
{
  return data;
}

int main(void)
{
  pthread_t thread;
  pthread_create(&thread, NULL, test_func, NULL);
  pthread_detach(thread);
  pthread_cancel(thread);
  pthread_join(thread, NULL);
  pthread_atfork(NULL, NULL, NULL);
  pthread_exit(NULL);

  return 0;
}

Determining if the function pthread_create exists in the pthreads failed with the following output:
Change Dir: /home/linaro/9.yolov8_stream/build1/CMakeFiles/CMakeTmp

Run Build Command(s):/usr/bin/gmake cmTC_3397a/fast && /usr/bin/gmake  -f CMakeFiles/cmTC_3397a.dir/build.make CMakeFiles/cmTC_3397a.dir/build
gmake[1]: 进入目录“/home/linaro/9.yolov8_stream/build1/CMakeFiles/CMakeTmp”
Building CXX object CMakeFiles/cmTC_3397a.dir/CheckFunctionExists.cxx.o
/usr/bin/c++   -DCHECK_FUNCTION_EXISTS=pthread_create -std=gnu++14 -o CMakeFiles/cmTC_3397a.dir/CheckFunctionExists.cxx.o -c /home/linaro/9.yolov8_stream/build1/CMakeFiles/CheckLibraryExists/CheckFunctionExists.cxx
Linking CXX executable cmTC_3397a
/usr/bin/cmake -E cmake_link_script CMakeFiles/cmTC_3397a.dir/link.txt --verbose=1
/usr/bin/c++  -DCHECK_FUNCTION_EXISTS=pthread_create CMakeFiles/cmTC_3397a.dir/CheckFunctionExists.cxx.o -o cmTC_3397a  -lpthreads 
/usr/bin/ld: 找不到 -lpthreads
collect2: error: ld returned 1 exit status
gmake[1]: *** [CMakeFiles/cmTC_3397a.dir/build.make:106：cmTC_3397a] 错误 1
gmake[1]: 离开目录“/home/linaro/9.yolov8_stream/build1/CMakeFiles/CMakeTmp”
gmake: *** [Makefile:140：cmTC_3397a/fast] 错误 2



